[2021-11-24 19:21:03,542: INFO: 01_base_model_creation]: 
********************
[2021-11-24 19:21:03,542: INFO: 01_base_model_creation]: >>>>> stage creating base model started <<<<<
[2021-11-24 19:21:03,542: ERROR: 01_base_model_creation]: 'Namespace' object has no attribute 'params'
Traceback (most recent call last):
  File "src/01_base_model_creation.py", line 66, in <module>
    main(config_path=parsed_args.config, params_path=parsed_args.params)
AttributeError: 'Namespace' object has no attribute 'params'
[2021-11-24 19:22:11,486: INFO: 01_base_model_creation]: 
********************
[2021-11-24 19:22:11,487: INFO: 01_base_model_creation]: >>>>> stage creating base model started <<<<<
[2021-11-24 19:22:11,487: INFO: common]: yaml file: configs/config.yaml loaded successfully
[2021-11-24 19:22:11,804: ERROR: 01_base_model_creation]: module 'keras.api._v2.keras' has no attribute 'model'
Traceback (most recent call last):
  File "src/01_base_model_creation.py", line 66, in <module>
    main(config_path=parsed_args.config)
  File "src/01_base_model_creation.py", line 49, in main
    model =  tf.keras.model.Sequential(LAYERS)
AttributeError: module 'keras.api._v2.keras' has no attribute 'model'
[2021-11-24 19:22:33,045: INFO: 01_base_model_creation]: 
********************
[2021-11-24 19:22:33,045: INFO: 01_base_model_creation]: >>>>> stage creating base model started <<<<<
[2021-11-24 19:22:33,046: INFO: common]: yaml file: configs/config.yaml loaded successfully
[2021-11-24 19:22:34,464: ERROR: 01_base_model_creation]: module 'keras.api._v2.keras' has no attribute 'optimizer'
Traceback (most recent call last):
  File "src/01_base_model_creation.py", line 66, in <module>
    main(config_path=parsed_args.config)
  File "src/01_base_model_creation.py", line 52, in main
    OPTIMIZER = tf.keras.optimizer.SGD(learning_rate = 1e-3)
AttributeError: module 'keras.api._v2.keras' has no attribute 'optimizer'
[2021-11-24 19:22:56,373: INFO: 01_base_model_creation]: 
********************
[2021-11-24 19:22:56,373: INFO: 01_base_model_creation]: >>>>> stage creating base model started <<<<<
[2021-11-24 19:22:56,374: INFO: common]: yaml file: configs/config.yaml loaded successfully
[2021-11-24 19:22:57,252: ERROR: 01_base_model_creation]: Invalid keyword argument(s) in `compile()`: ({'metric'},). Valid keyword arguments include "cloning", "experimental_run_tf_function", "distribute", "target_tensors", or "sample_weight_mode".
Traceback (most recent call last):
  File "src/01_base_model_creation.py", line 66, in <module>
    main(config_path=parsed_args.config)
  File "src/01_base_model_creation.py", line 54, in main
    model.compile(loss=LOSS, optimizer=OPTIMIZER, metric=METRICS)
  File "D:\DLCVNLP\New folder\Transfer_Learning_DLCVNLP\env\lib\site-packages\keras\utils\traceback_utils.py", line 67, in error_handler
    raise e.with_traceback(filtered_tb) from None
  File "D:\DLCVNLP\New folder\Transfer_Learning_DLCVNLP\env\lib\site-packages\keras\engine\training.py", line 2786, in _validate_compile
    raise TypeError('Invalid keyword argument(s) in `compile()`: '
TypeError: Invalid keyword argument(s) in `compile()`: ({'metric'},). Valid keyword arguments include "cloning", "experimental_run_tf_function", "distribute", "target_tensors", or "sample_weight_mode".
[2021-11-24 19:25:06,747: INFO: 01_base_model_creation]: 
********************
[2021-11-24 19:25:06,747: INFO: 01_base_model_creation]: >>>>> stage creating base model started <<<<<
[2021-11-24 19:25:06,748: INFO: common]: yaml file: configs/config.yaml loaded successfully
[2021-11-24 19:25:07,709: INFO: 01_base_model_creation]: >>>>> stage creating base model completed!<<<<<

[2021-11-24 19:32:25,795: INFO: 01_base_model_creation]: 
********************
[2021-11-24 19:32:25,795: INFO: 01_base_model_creation]: >>>>> stage creating base model started <<<<<
[2021-11-24 19:32:25,796: INFO: common]: yaml file: configs/config.yaml loaded successfully
[2021-11-24 19:32:26,706: INFO: 01_base_model_creation]: full model summary: 
Model: "sequential"
_________________________________________________________________
 Layer (type)                Output Shape              Param #   
=================================================================
 inputLayer (Flatten)        (None, 784)               0         
                                                                 
 hiddenLayer1 (Dense)        (None, 300)               235500    
                                                                 
 leaky_re_lu (LeakyReLU)     (None, 300)               0         
                                                                 
 hiddenLayer2 (Dense)        (None, 100)               30100     
                                                                 
 leaky_re_lu_1 (LeakyReLU)   (None, 100)               0         
                                                                 
 outputLayer (Dense)         (None, 10)                1010      
                                                                 
=================================================================
Total params: 266,610
Trainable params: 266,610
Non-trainable params: 0
_________________________________________________________________

[2021-11-24 19:32:26,738: INFO: 01_base_model_creation]: >>>>> stage creating base model completed!<<<<<

[2021-11-24 19:42:47,226: INFO: 01_base_model_creation]: 
********************
[2021-11-24 19:42:47,226: INFO: 01_base_model_creation]: >>>>> stage creating base model started <<<<<
[2021-11-24 19:42:47,227: INFO: common]: yaml file: configs/config.yaml loaded successfully
[2021-11-24 19:42:48,143: INFO: 01_base_model_creation]: base model summary: 
Model: "sequential"
_________________________________________________________________
 Layer (type)                Output Shape              Param #   
=================================================================
 inputLayer (Flatten)        (None, 784)               0         
                                                                 
 hiddenLayer1 (Dense)        (None, 300)               235500    
                                                                 
 leaky_re_lu (LeakyReLU)     (None, 300)               0         
                                                                 
 hiddenLayer2 (Dense)        (None, 100)               30100     
                                                                 
 leaky_re_lu_1 (LeakyReLU)   (None, 100)               0         
                                                                 
 outputLayer (Dense)         (None, 10)                1010      
                                                                 
=================================================================
Total params: 266,610
Trainable params: 266,610
Non-trainable params: 0
_________________________________________________________________

[2021-11-24 19:42:48,143: ERROR: 01_base_model_creation]: 'numpy.ndarray' object has no attribute 'y_train'
Traceback (most recent call last):
  File "src/01_base_model_creation.py", line 90, in <module>
    main(config_path=parsed_args.config)
  File "src/01_base_model_creation.py", line 66, in main
    history = model.fit(X_train. y_train, epochs = 10, validation_data =(X_valid, y_valid),
AttributeError: 'numpy.ndarray' object has no attribute 'y_train'
[2021-11-24 19:43:52,511: INFO: 01_base_model_creation]: 
********************
[2021-11-24 19:43:52,511: INFO: 01_base_model_creation]: >>>>> stage creating base model started <<<<<
[2021-11-24 19:43:52,512: INFO: common]: yaml file: configs/config.yaml loaded successfully
[2021-11-24 19:43:53,373: INFO: 01_base_model_creation]: base model summary: 
Model: "sequential"
_________________________________________________________________
 Layer (type)                Output Shape              Param #   
=================================================================
 inputLayer (Flatten)        (None, 784)               0         
                                                                 
 hiddenLayer1 (Dense)        (None, 300)               235500    
                                                                 
 leaky_re_lu (LeakyReLU)     (None, 300)               0         
                                                                 
 hiddenLayer2 (Dense)        (None, 100)               30100     
                                                                 
 leaky_re_lu_1 (LeakyReLU)   (None, 100)               0         
                                                                 
 outputLayer (Dense)         (None, 10)                1010      
                                                                 
=================================================================
Total params: 266,610
Trainable params: 266,610
Non-trainable params: 0
_________________________________________________________________

[2021-11-24 19:44:09,024: INFO: common]: created directory at: artifacts\models
[2021-11-24 19:44:09,043: INFO: 01_base_model_creation]: base model saved at artifacts\models\base_model.h5
[2021-11-24 19:44:09,074: INFO: 01_base_model_creation]: >>>>> stage creating base model completed!<<<<<

[2021-11-24 19:47:48,340: INFO: 01_base_model_creation]: 
********************
[2021-11-24 19:47:48,340: INFO: 01_base_model_creation]: >>>>> stage creating base model started <<<<<
[2021-11-24 19:47:48,340: INFO: common]: yaml file: configs/config.yaml loaded successfully
[2021-11-24 19:47:49,206: INFO: 01_base_model_creation]: base model summary: 
Model: "sequential"
_________________________________________________________________
 Layer (type)                Output Shape              Param #   
=================================================================
 inputLayer (Flatten)        (None, 784)               0         
                                                                 
 hiddenLayer1 (Dense)        (None, 300)               235500    
                                                                 
 leaky_re_lu (LeakyReLU)     (None, 300)               0         
                                                                 
 hiddenLayer2 (Dense)        (None, 100)               30100     
                                                                 
 leaky_re_lu_1 (LeakyReLU)   (None, 100)               0         
                                                                 
 outputLayer (Dense)         (None, 10)                1010      
                                                                 
=================================================================
Total params: 266,610
Trainable params: 266,610
Non-trainable params: 0
_________________________________________________________________

[2021-11-24 19:48:04,756: INFO: common]: created directory at: artifacts\models
[2021-11-24 19:48:04,773: INFO: 01_base_model_creation]: base model saved at artifacts\models\base_model.h5
[2021-11-24 19:48:05,045: INFO: 01_base_model_creation]: evaluation metrics [0.3162643015384674, 0.9092000126838684]
[2021-11-24 19:48:05,075: INFO: 01_base_model_creation]: >>>>> stage creating base model completed!<<<<<

[2021-11-25 20:41:42,469: INFO: 01_base_model_creation]: 
********************
[2021-11-25 20:41:42,469: INFO: 01_base_model_creation]: >>>>> stage base model creation started <<<<<
[2021-11-25 20:41:42,473: INFO: common]: yaml file: configs/config.yaml loaded successfully
[2021-11-25 20:41:44,022: INFO: 01_base_model_creation]: transfer learning model summary: 
Model: "sequential"
_________________________________________________________________
 Layer (type)                Output Shape              Param #   
=================================================================
 inputLayer (Flatten)        (None, 784)               0         
                                                                 
 hiddenLayer1 (Dense)        (None, 300)               235500    
                                                                 
 leaky_re_lu (LeakyReLU)     (None, 300)               0         
                                                                 
 hiddenLayer2 (Dense)        (None, 100)               30100     
                                                                 
 leaky_re_lu_1 (LeakyReLU)   (None, 100)               0         
                                                                 
 outputLayer (Dense)         (None, 10)                1010      
                                                                 
=================================================================
Total params: 266,610
Trainable params: 266,610
Non-trainable params: 0
_________________________________________________________________

[2021-11-25 20:42:13,869: INFO: common]: created directory at: artifacts\models
[2021-11-25 20:42:13,903: INFO: 01_base_model_creation]: base model saved at artifacts\models\base_model.h5
[2021-11-25 20:42:14,440: INFO: 01_base_model_creation]: evaluation metrics [0.3162643015384674, 0.9092000126838684]
[2021-11-25 20:42:14,477: INFO: 01_base_model_creation]: >>>>> stage base model creation completed!<<<<<

[2021-11-25 20:42:44,317: INFO: 02_transfer_even_odd]: 
********************
[2021-11-25 20:42:44,317: INFO: 02_transfer_even_odd]: >>>>> stage transfer model started <<<<<
[2021-11-25 20:42:44,318: INFO: common]: yaml file: configs/config.yaml loaded successfully
[2021-11-25 20:42:45,802: INFO: 02_transfer_even_odd]: loaded base model summary: 
Model: "sequential"
_________________________________________________________________
 Layer (type)                Output Shape              Param #   
=================================================================
 inputLayer (Flatten)        (None, 784)               0         
                                                                 
 hiddenLayer1 (Dense)        (None, 300)               235500    
                                                                 
 leaky_re_lu (LeakyReLU)     (None, 300)               0         
                                                                 
 hiddenLayer2 (Dense)        (None, 100)               30100     
                                                                 
 leaky_re_lu_1 (LeakyReLU)   (None, 100)               0         
                                                                 
 outputLayer (Dense)         (None, 10)                1010      
                                                                 
=================================================================
Total params: 266,610
Trainable params: 266,610
Non-trainable params: 0
_________________________________________________________________

[2021-11-25 20:42:45,829: INFO: 02_transfer_even_odd]: new model summary: 
Model: "sequential"
_________________________________________________________________
 Layer (type)                Output Shape              Param #   
=================================================================
 inputLayer (Flatten)        (None, 784)               0         
                                                                 
 hiddenLayer1 (Dense)        (None, 300)               235500    
                                                                 
 leaky_re_lu (LeakyReLU)     (None, 300)               0         
                                                                 
 hiddenLayer2 (Dense)        (None, 100)               30100     
                                                                 
 leaky_re_lu_1 (LeakyReLU)   (None, 100)               0         
                                                                 
 output_Layer (Dense)        (None, 2)                 202       
                                                                 
=================================================================
Total params: 265,802
Trainable params: 202
Non-trainable params: 265,600
_________________________________________________________________

[2021-11-25 20:43:08,667: INFO: 02_transfer_even_odd]: transfer model saved at artifacts\models\even_odd_model.h5
[2021-11-25 20:43:09,198: INFO: 02_transfer_even_odd]: evaluation metrics [0.29125532507896423, 0.8795999884605408]
[2021-11-25 20:43:09,237: INFO: 02_transfer_even_odd]: >>>>> stage transfer model completed!<<<<<

[2021-11-25 20:59:28,894: INFO: 03_transfer_learning_less_than_5]: 
********************
[2021-11-25 20:59:28,894: INFO: 03_transfer_learning_less_than_5]: >>>>> stage transfer learning started <<<<<
[2021-11-25 20:59:28,894: INFO: common]: yaml file: configs/config.yaml loaded successfully
[2021-11-25 20:59:30,455: INFO: 03_transfer_learning_less_than_5]: loaded base model summary: 
Model: "sequential"
_________________________________________________________________
 Layer (type)                Output Shape              Param #   
=================================================================
 inputLayer (Flatten)        (None, 784)               0         
                                                                 
 hiddenLayer1 (Dense)        (None, 300)               235500    
                                                                 
 leaky_re_lu (LeakyReLU)     (None, 300)               0         
                                                                 
 hiddenLayer2 (Dense)        (None, 100)               30100     
                                                                 
 leaky_re_lu_1 (LeakyReLU)   (None, 100)               0         
                                                                 
 outputLayer (Dense)         (None, 10)                1010      
                                                                 
=================================================================
Total params: 266,610
Trainable params: 266,610
Non-trainable params: 0
_________________________________________________________________

[2021-11-25 20:59:30,483: INFO: 03_transfer_learning_less_than_5]: new model summary: 
Model: "sequential"
_________________________________________________________________
 Layer (type)                Output Shape              Param #   
=================================================================
 inputLayer (Flatten)        (None, 784)               0         
                                                                 
 hiddenLayer1 (Dense)        (None, 300)               235500    
                                                                 
 leaky_re_lu (LeakyReLU)     (None, 300)               0         
                                                                 
 hiddenLayer2 (Dense)        (None, 100)               30100     
                                                                 
 leaky_re_lu_1 (LeakyReLU)   (None, 100)               0         
                                                                 
 output_Layer (Dense)        (None, 2)                 202       
                                                                 
=================================================================
Total params: 265,802
Trainable params: 202
Non-trainable params: 265,600
_________________________________________________________________

[2021-11-25 20:59:56,577: ERROR: 03_transfer_learning_less_than_5]: [Errno 22] Unable to create file (unable to open file: name = 'artifacts\models\less>5_model.h5', errno = 22, error message = 'Invalid argument', flags = 13, o_flags = 302)
Traceback (most recent call last):
  File "src/03_transfer_learning_less_than_5.py", line 100, in <module>
    main(config_path=parsed_args.config)
  File "src/03_transfer_learning_less_than_5.py", line 84, in main
    new_model.save(model_file_path)
  File "D:\DLCVNLP\New folder\Transfer_Learning_DLCVNLP\env\lib\site-packages\keras\utils\traceback_utils.py", line 67, in error_handler
    raise e.with_traceback(filtered_tb) from None
  File "D:\DLCVNLP\New folder\Transfer_Learning_DLCVNLP\env\lib\site-packages\h5py\_hl\files.py", line 507, in __init__
    fid = make_fid(name, mode, userblock_size, fapl, fcpl, swmr=swmr)
  File "D:\DLCVNLP\New folder\Transfer_Learning_DLCVNLP\env\lib\site-packages\h5py\_hl\files.py", line 226, in make_fid
    fid = h5f.create(name, h5f.ACC_TRUNC, fapl=fapl, fcpl=fcpl)
  File "h5py\_objects.pyx", line 54, in h5py._objects.with_phil.wrapper
  File "h5py\_objects.pyx", line 55, in h5py._objects.with_phil.wrapper
  File "h5py\h5f.pyx", line 126, in h5py.h5f.create
OSError: [Errno 22] Unable to create file (unable to open file: name = 'artifacts\models\less>5_model.h5', errno = 22, error message = 'Invalid argument', flags = 13, o_flags = 302)
[2021-11-25 21:01:33,950: INFO: 03_transfer_learning_less_than_5]: 
********************
[2021-11-25 21:01:33,950: INFO: 03_transfer_learning_less_than_5]: >>>>> stage transfer learning started <<<<<
[2021-11-25 21:01:33,951: INFO: common]: yaml file: configs/config.yaml loaded successfully
[2021-11-25 21:01:35,437: INFO: 03_transfer_learning_less_than_5]: loaded base model summary: 
Model: "sequential"
_________________________________________________________________
 Layer (type)                Output Shape              Param #   
=================================================================
 inputLayer (Flatten)        (None, 784)               0         
                                                                 
 hiddenLayer1 (Dense)        (None, 300)               235500    
                                                                 
 leaky_re_lu (LeakyReLU)     (None, 300)               0         
                                                                 
 hiddenLayer2 (Dense)        (None, 100)               30100     
                                                                 
 leaky_re_lu_1 (LeakyReLU)   (None, 100)               0         
                                                                 
 outputLayer (Dense)         (None, 10)                1010      
                                                                 
=================================================================
Total params: 266,610
Trainable params: 266,610
Non-trainable params: 0
_________________________________________________________________

[2021-11-25 21:01:35,465: INFO: 03_transfer_learning_less_than_5]: new model summary: 
Model: "sequential"
_________________________________________________________________
 Layer (type)                Output Shape              Param #   
=================================================================
 inputLayer (Flatten)        (None, 784)               0         
                                                                 
 hiddenLayer1 (Dense)        (None, 300)               235500    
                                                                 
 leaky_re_lu (LeakyReLU)     (None, 300)               0         
                                                                 
 hiddenLayer2 (Dense)        (None, 100)               30100     
                                                                 
 leaky_re_lu_1 (LeakyReLU)   (None, 100)               0         
                                                                 
 output_Layer (Dense)        (None, 2)                 202       
                                                                 
=================================================================
Total params: 265,802
Trainable params: 202
Non-trainable params: 265,600
_________________________________________________________________

[2021-11-25 21:01:57,946: INFO: 03_transfer_learning_less_than_5]: transfer model saved at artifacts\models\less_than_5_model.h5
[2021-11-25 21:01:58,465: INFO: 03_transfer_learning_less_than_5]: evaluation metrics [0.3234008550643921, 0.8700000047683716]
[2021-11-25 21:01:58,501: INFO: 03_transfer_learning_less_than_5]: >>>>> stage transfer learning completed!<<<<<

